1, 68.819, 100.68, 148.50, 102.32, 101.81, 123.51, 150.59, 147.43, 150.12, 167.46, 145.55, 97.80, 145.36
2, 72.223, -60.15, -71.59, -62.93, -43.31, -48.37, -86.34, -80.53, -84.91, -2.64, -64.48, -50.90, -41.90
3, 72.587, 95.03, 124.54, 152.59, 123.70, 102.90, 142.18, 107.78, 113.44, 109.52, 107.61, 153.43, 128.76
4, 74.946, -17.69, -59.48, -83.25, -90.00, -77.19, -6.43, -30.27, 0.00, -68.19, -79.52, -27.09, -49.35
5, 79.581, 118.21, 146.61, 125.02, 95.99, 120.82, 119.83, 128.40, 130.84, 134.51, 130.81, 177.47, 152.48
6, 80.689, 35.43, 43.48, 58.28, 5.50, 67.21, 11.43, 31.78, 9.69, 29.60, 50.71, 63.22, 77.55
7, 80.715, 139.18, 116.10, 147.52, 130.15, 157.47, 143.78, 116.20, 146.79, 150.16, 122.89, 99.80, 109.03
8, 81.707, 130.79, 142.91, 130.94, 155.04, 94.12, 155.14, 154.50, 149.25, 91.54, 170.91, 122.38, 104.98
9, 82.795, -52.84, -14.55, -76.86, -24.86, -15.53, -34.53, -18.93, -83.07, -59.69, -51.52, -37.66, -85.09
10, 82.938, -31.72, -21.34, -13.44, -38.67, -68.41, -37.43, -41.58, -66.99, -21.83, -86.00, -61.97, -32.95
11, 83.799, 27.65, 76.17, 53.40, 48.92, 60.18, 39.99, 12.91, 39.87, 70.73, 57.80, 20.06, 89.46
12, 83.804, 46.00, 73.16, 46.35, 13.71, 73.85, 48.23, 89.87, 65.15, 63.32, 11.29, 52.25, 41.40
13, 84.504, 0.00, -2.31, -39.68, -82.59, -68.03, -39.81, -34.57, -69.80, -70.56, -63.01, -67.96, -70.33
14, 85.253, -73.81, -79.45, -3.58, -67.66, -10.59, -39.67, -72.46, -46.52, -50.23, -27.28, -46.94, -55.39
15, 87.764, -20.37, -19.30, -33.68, -28.35, -64.28, -52.84, -60.60, -4.85, -60.95, -15.41, -35.81, -25.43
16, 88.001, -169.34, -173.42, -91.84, -98.58, -125.16, -141.15, -90.00, -156.12, -171.83, -169.13, -108.07, -106.17
17, 88.184, 73.45, 5.40, 67.27, 30.80, 3.69, 37.22, 49.25, 70.11, 43.88, 12.06, 5.48, 4.27
18, 89.301, 172.58, 151.93, 144.16, 130.31, 132.41, 167.91, 103.80, 128.24, 148.90, 157.95, 109.28, 154.95
19, 89.512, -158.35, -112.16, -110.60, -111.20, -94.10, -114.49, -148.72, -97.82, -90.36, -134.36, -91.85, -136.14
20, 89.932, 58.10, 81.46, 43.07, 32.66, 54.47, 25.04, 84.18, 0.00, 19.42, 84.80, 20.58, 54.39
21, 90.038, -44.83, -12.53, -80.05, -17.02, -34.06, -82.11, -32.35, -24.88, -29.84, -25.20, -64.22, 0.00
22, 90.166, -82.09, -44.86, -63.23, -27.34, -21.56, 0.00, -16.15, -45.97, -71.59, -79.08, -56.26, -28.59
23, 91.159, 163.31, 107.57, 171.66, 147.20, 169.93, 164.82, 173.75, 178.44, 178.39, 180.00, 130.39, 108.53
24, 92.174, -33.82, -54.77, -55.72, -72.62, -76.80, -86.74, -48.17, -78.12, -16.86, -2.50, -54.74, -49.11
25, 92.446, -66.23, -68.92, -81.13, -76.05, -17.73, -7.73, -18.60, -57.02, -14.66, -62.82, -84.38, -68.31
26, 92.557, 167.19, 123.65, 156.24, 140.25, 103.76, 157.90, 167.75, 111.50, 150.29, 125.24, 150.75, 97.64
27, 92.780, 165.65, 149.90, 116.11, 180.00, 129.77, 177.41, 133.15, 166.32, 124.42, 178.81, 103.51, 158.27
28, 93.109, 54.00, 39.65, 9.77, 24.26, 65.80, 29.83, 71.10, 73.65, 16.91, 48.26, 63.07, 75.25
29, 93.519, 47.95, 62.89, 17.91, 55.63, 83.34, 26.90, 11.01, 82.05, 9.39, 21.26, 10.06, 32.69
30, 96.278, 59.02, 13.71, 10.89, 50.18, 52.16, 85.42, 63.10, 30.96, 83.96, 80.47, 0.00, 64.74
31, 96.741, 12.92, 29.86, 35.82, 7.78, 72.54, 6.92, 0.93, 62.70, 28.07, 49.38, 72.13, 15.37
32, 97.035, -32.97, -84.11, -26.85, -84.78, -39.99, -16.76, -1.04, -6.76, -85.92, -31.43, -84.97, -25.97
33, 97.915, 18.05, 5.52, 30.58, 41.24, 51.15, 22.25, 62.10, 85.15, 79.89, 41.66, 73.22, 68.95
34, 98.009, -2.29, -51.87, -58.00, -50.93, -31.75, -29.54, -82.30, -86.61, -30.76, -64.45, -55.50, -21.39
35, 98.951, -22.69, -68.48, -62.33, -58.65, -49.99, -61.18, -16.31, -54.40, -49.15, -89.12, -50.81, -4.58
36, 99.298, 17.72, 15.55, 9.03, 55.76, 39.15, 87.50, 74.49, 65.74, 36.06, 53.50, 64.71, 49.12
37, 99.812, 82.98, 73.69, 78.83, 72.05, 71.39, 13.45, 90.00, 8.24, 59.22, 54.19, 20.34, 3.51
38, 100.134, 131.36, 137.90, 147.40, 123.82, 135.50, 160.75, 117.09, 177.68, 92.83, 166.99, 139.32, 165.89
39, 101.125, 169.65, 134.33, 159.43, 157.12, 137.37, 136.70, 115.11, 122.14, 96.86, 121.62, 122.23, 144.09
40, 101.937, -102.39, -160.53, -160.15, -171.93, -95.49, -95.27, -119.05, -153.61, -180.00, -119.00, -136.23, -146.21
41, 103.567, -26.26, -25.17, -38.29, -74.68, -3.49, -55.65, -60.38, -67.83, -13.41, -87.99, -72.56, -89.61
42, 103.846, -135.24, -114.64, -140.66, -165.81, -157.04, -116.40, -111.74, -134.11, -160.99, -144.05, -155.05, -104.58
43, 104.848, -144.03, -175.10, -158.23, -163.08, -176.88, -90.00, -111.56, -106.59, -128.28, -99.89, -105.85, -171.28
44, 105.262, 156.19, 141.87, 162.31, 170.20, 103.31, 158.65, 109.00, 130.22, 129.95, 176.60, 118.51, 114.98
45, 105.363, 45.69, 39.05, 89.14, 70.95, 17.01, 18.54, 20.02, 54.30, 14.09, 67.52, 39.40, 0.00
46, 105.434, 23.34, 17.56, 62.51, 48.41, 84.55, 41.02, 83.98, 37.31, 84.89, 42.49, 60.72, 25.58
47, 105.665, -159.03, -104.34, -140.47, -122.32, -100.09, -145.71, -134.61, -104.03, -110.36, -114.86, -153.09, -180.00
48, 106.221, -117.50, -151.53, -100.46, -171.39, -150.66, -102.39, -93.46, -145.43, -158.24, -156.98, -110.69, -129.75
49, 106.725, -122.53, -123.50, -141.96, -112.82, -144.00, -180.00, -124.56, -177.85, -91.04, -165.07, -96.03, -101.41
50, 106.790, -74.68, -64.54, -32.09, -6.43, -57.50, -52.84, -7.64, -9.59, -60.21, -23.95, -84.06, -3.46
51, 106.843, -142.87, -94.29, -162.48, -179.64, -118.66, -153.07, -145.46, -110.69, -162.56, -94.22, -157.90, -122.25
52, 107.234, 62.04, 21.35, 5.66, 88.90, 64.41, 63.36, 0.35, 9.40, 27.54, 6.07, 14.54, 30.92
53, 108.598, 147.26, 105.59, 144.99, 145.17, 167.44, 103.74, 100.09, 101.48, 123.70, 100.19, 142.76, 100.31
54, 108.653, 40.57, 12.10, 5.41, 87.06, 81.88, 27.08, 56.75, 85.87, 12.88, 24.88, 57.42, 13.59
55, 111.313, -16.46, -74.58, -87.06, -50.62, -49.45, -27.66, -79.26, -25.95, -6.07, -14.07, -31.85, -6.09
56, 113.046, 90.00, 98.29, 124.36, 165.36, 174.34, 147.89, 129.18, 110.16, 140.09, 166.05, 134.31, 112.45
57, 113.797, 65.86, 21.72, 25.61, 71.20, 63.81, 21.24, 69.95, 64.62, 70.25, 68.21, 71.57, 22.58
58, 114.597, -87.25, -4.39, -38.54, -20.79, -74.61, -18.77, -66.12, -57.54, -31.62, -83.94, -69.58, -61.80
59, 114.819, 79.91, 3.75, 82.61, 13.07, 54.99, 13.80, 20.48, 14.20, 48.39, 41.62, 72.17, 64.57
60, 115.712, -134.48, -172.40, -123.24, -102.82, -129.50, -129.31, -162.95, -129.72, -131.00, -92.30, -176.41, -106.98
61, 115.840, -169.07, -110.15, -131.54, -136.49, -158.91, -156.09, -134.60, -124.39, -104.57, -127.26, -124.70, -105.38
62, 116.205, 20.17, 6.47, 79.58, 60.04, 1.80, 79.24, 46.33, 32.71, 35.97, 55.26, 74.76, 37.84
63, 117.312, -61.45, -46.83, -67.08, -11.50, -40.79, -6.09, -82.60, -61.90, 0.00, -31.80, -42.01, -43.82
64, 117.890, -84.80, -10.03, -49.31, -65.48, -28.50, -23.89, -32.65, -75.22, -26.82, -66.93, -10.95, -44.75
65, 120.547, -13.93, -28.39, -16.72, -84.80, -4.66, -43.85, -37.13, -35.39, -53.44, -14.59, -3.08, -80.05
66, 122.061, 166.17, 165.17, 126.99, 118.35, 167.23, 94.74, 155.94, 145.10, 113.30, 169.41, 119.73, 126.88
67, 122.168, -133.02, -138.42, -170.71, -128.59, -111.98, -177.80, -172.88, -118.11, -116.14, -108.96, -114.79, -116.23
68, 122.960, 90.71, 133.93, 167.49, 128.91, 136.90, 102.96, 135.02, 102.25, 142.00, 95.92, 121.28, 179.55
69, 123.299, -52.09, -28.58, -19.00, -41.95, -58.70, -46.59, -77.77, -19.23, -44.10, -67.89, -0.86, -13.65
70, 123.508, -135.96, -149.29, -153.22, -154.35, -146.97, -121.21, -142.48, -130.83, -160.74, -166.43, -107.57, -131.18
71, 125.580, -147.07, -148.76, -90.00, -108.42, -154.44, -134.35, -165.01, -170.81, -106.86, -139.42, -107.10, -94.09
72, 125.979, 71.39, 47.61, 35.61, 19.21, 45.19, 29.56, 1.14, 80.69, 82.74, 2.96, 33.14, 90.00
73, 127.560, 86.80, 49.70, 14.09, 32.89, 9.50, 6.53, 62.83, 4.48, 5.37, 39.33, 45.82, 22.30
74, 128.391, 0.00, 0.00, 0.00, 0.00, 3.70, 3.41, 0.00, 1.54, 0.00, 0.00, 0.00, 0.00
75, 130.321, 106.30, 146.86, 145.00, 95.56, 99.08, 131.66, 109.37, 167.71, 131.90, 124.65, 137.53, 115.46
76, 144.972, 90.00, 31.97, 1.09, 61.68, 28.79, 4.64, 41.37, 22.42, 16.60, 58.25, 7.42, 90.00
77, 165.668, 122.88, 177.41, 127.16, 121.82, 106.81, 95.45, 166.85, 106.75, 163.78, 132.68, 174.51, 102.07
78, 175.968, 45.63, 3.21, 31.11, 84.94, 6.27, 58.21, 5.00, 57.31, 5.79, 47.25, 74.54, 39.51
79, 266.884, -31.48, -13.31, -69.70, -54.49, -17.67, -3.75, -46.92, -53.62, -21.01, -74.80, -40.69, -53.82
80, 330.539, -178.22, -109.68, -164.28, -95.10, -158.45, -170.35, -115.52, -170.33, -169.14, -102.97, -129.84, -118.89
81, 368.763, -169.98, -128.36, -159.20, -136.33, -173.88, -156.43, -135.79, -139.66, -136.64, -161.55, -126.74, -161.46
82, 404.299, -45.08, -46.95, -49.03, -41.27, -47.13, -41.11, -41.35, -45.56, -46.69, -47.27, -42.48, -46.20
83, 627.157, 80.78, 8.72, 14.92, 78.05, 7.90, 30.64, 72.25, 46.33, 47.56, 29.43, 5.00, 33.86
84, 708.058, 11.25, 79.49, 77.54, 66.32, 60.23, 51.13, 85.12, 59.57, 35.13, 46.69, 84.29, 84.58
85, 742.188, 0.20, 24.13, 88.83, 58.49, 75.53, 16.57, 23.42, 4.40, 66.00, 72.92, 69.32, 22.32
86, 811.496, -36.99, -33.60, -13.10, -64.90, -50.02, -72.96, -8.38, -23.68, -89.52, -57.50, -5.51, -27.90
87, 856.138, 5.98, 18.51, 65.55, 9.48, 44.00, 68.86, 53.63, 39.73, 52.07, 70.00, 54.23, 79.61
88, 1346.351, -128.43, -91.43, -108.58, -158.87, -159.90, -134.12, -152.23, -93.06, -125.10, -128.68, -98.77, -162.43
89, 2073.905, 38.25, 88.37, 79.49, 82.81, 16.25, 17.46, 50.11, 46.60, 14.20, 70.62, 85.79, 28.61
90, 2836.545, -149.19, -117.12, -128.62, -90.00, -93.92, -162.27, -123.28, -158.07, -147.40, -148.68, -166.45, -141.70
91, 6287.909, -70.75, -22.75, -19.67, -71.21, -64.84, -20.05, -70.67, -65.65, -69.50, -65.30, -69.37, -25.39
92, 13369.753, -122.28, -127.08, -145.16, -141.99, -167.24, -99.56, -138.73, -104.34, -124.47, -118.36, -153.48, -147.96
93, 16441.394, -127.67, -163.35, -99.05, -107.82, -132.76, -143.80, -120.93, -101.45, -134.75, -152.94, -137.74, -125.21
94, 135567.622, 36.04, 31.87, 79.80, 34.50, 9.21, 34.70, 80.84, 82.85, 60.41, 79.48, 35.13, 34.82
95, 253769.495, 11.44, 36.62, 0.00, 74.83, 9.21, 66.62, 34.79, 42.94, 69.74, 44.77, 61.92, 6.56
96, 350897.448, -15.82, -55.20, -26.94, -71.30, -60.97, -78.83, -66.75, -44.49, -14.75, -7.82, -80.14, -42.43
97, 6244636.182, 80.46, 84.83, 15.58, 53.34, 19.39, 56.02, 75.49, 52.82, 76.16, 4.86, 16.89, 31.81
98, 415503304.883, -10.97, -50.60, -7.00, -12.98, -28.17, -42.38, -61.14, -23.51, -57.72, -88.07, -58.87, -31.61
99, 3429943160.783, -81.00, -22.53, -52.17, -66.63, 0.00, -8.41, -81.03, -56.80, -84.03, -20.71, 0.00, -83.40
100, 32719920363.445, 81.03, 75.59, 36.65, 74.36, 60.57, 74.46, 36.67, 37.08, 8.86, 37.97, 75.89, 77.76
